{"D:\\awesomeProjects\\max-hack\\miniapp\\src\\app\\stack.ts": {"path":"D:\\awesomeProjects\\max-hack\\miniapp\\src\\app\\stack.ts","statementMap":{"0":{"start":{"line":16,"column":2},"end":{"line":23,"column":null}},"1":{"start":{"line":18,"column":6},"end":{"line":18,"column":null}},"2":{"start":{"line":20,"column":6},"end":{"line":20,"column":null}},"3":{"start":{"line":22,"column":6},"end":{"line":22,"column":null}}},"fnMap":{"0":{"name":"stackReducer","decl":{"start":{"line":15,"column":16},"end":{"line":15,"column":29}},"loc":{"start":{"line":15,"column":75},"end":{"line":24,"column":null}},"line":15}},"branchMap":{"0":{"loc":{"start":{"line":16,"column":2},"end":{"line":23,"column":null}},"type":"switch","locations":[{"start":{"line":17,"column":4},"end":{"line":18,"column":null}},{"start":{"line":19,"column":4},"end":{"line":20,"column":null}},{"start":{"line":21,"column":4},"end":{"line":22,"column":null}}],"line":16},"1":{"loc":{"start":{"line":20,"column":13},"end":{"line":20,"column":null}},"type":"cond-expr","locations":[{"start":{"line":20,"column":32},"end":{"line":20,"column":53}},{"start":{"line":20,"column":53},"end":{"line":20,"column":null}}],"line":20},"2":{"loc":{"start":{"line":22,"column":13},"end":{"line":22,"column":null}},"type":"cond-expr","locations":[{"start":{"line":22,"column":40},"end":{"line":22,"column":56}},{"start":{"line":22,"column":56},"end":{"line":22,"column":null}}],"line":22}},"s":{"0":5,"1":1,"2":2,"3":2},"f":{"0":5},"b":{"0":[1,2,2],"1":[1,1],"2":[1,1]},"meta":{"lastBranch":3,"lastFunction":1,"lastStatement":4,"seen":{"f:15:16:15:29":0,"b:17:4:18:Infinity:19:4:20:Infinity:21:4:22:Infinity":0,"s:16:2:23:Infinity":0,"s:18:6:18:Infinity":1,"s:20:6:20:Infinity":2,"b:20:32:20:53:20:53:20:Infinity":1,"s:22:6:22:Infinity":3,"b:22:40:22:56:22:56:22:Infinity":2},"fnNames":{}}}
,"D:\\awesomeProjects\\max-hack\\miniapp\\src\\shared\\lib\\format.ts": {"path":"D:\\awesomeProjects\\max-hack\\miniapp\\src\\shared\\lib\\format.ts","statementMap":{"0":{"start":{"line":4,"column":11},"end":{"line":4,"column":null}},"1":{"start":{"line":8,"column":16},"end":{"line":8,"column":null}},"2":{"start":{"line":9,"column":17},"end":{"line":9,"column":null}},"3":{"start":{"line":10,"column":2},"end":{"line":10,"column":null}},"4":{"start":{"line":10,"column":36},"end":{"line":10,"column":null}},"5":{"start":{"line":11,"column":2},"end":{"line":11,"column":null}},"6":{"start":{"line":11,"column":64},"end":{"line":11,"column":null}},"7":{"start":{"line":12,"column":2},"end":{"line":12,"column":null}},"8":{"start":{"line":15,"column":20},"end":{"line":15,"column":null}},"9":{"start":{"line":16,"column":17},"end":{"line":18,"column":null}},"10":{"start":{"line":21,"column":6},"end":{"line":21,"column":null}},"11":{"start":{"line":21,"column":33},"end":{"line":21,"column":null}},"12":{"start":{"line":25,"column":2},"end":{"line":25,"column":null}},"13":{"start":{"line":29,"column":12},"end":{"line":29,"column":null}},"14":{"start":{"line":29,"column":76},"end":{"line":29,"column":93}},"15":{"start":{"line":30,"column":2},"end":{"line":30,"column":null}},"16":{"start":{"line":35,"column":12},"end":{"line":35,"column":null}},"17":{"start":{"line":36,"column":2},"end":{"line":36,"column":null}},"18":{"start":{"line":41,"column":12},"end":{"line":41,"column":null}},"19":{"start":{"line":42,"column":2},"end":{"line":42,"column":null}},"20":{"start":{"line":46,"column":12},"end":{"line":46,"column":null}},"21":{"start":{"line":47,"column":2},"end":{"line":47,"column":null}},"22":{"start":{"line":52,"column":2},"end":{"line":52,"column":null}},"23":{"start":{"line":57,"column":12},"end":{"line":57,"column":null}},"24":{"start":{"line":58,"column":2},"end":{"line":58,"column":null}},"25":{"start":{"line":61,"column":13},"end":{"line":61,"column":null}},"26":{"start":{"line":61,"column":42},"end":{"line":61,"column":null}},"27":{"start":{"line":70,"column":2},"end":{"line":73,"column":null}},"28":{"start":{"line":71,"column":17},"end":{"line":71,"column":null}},"29":{"start":{"line":72,"column":4},"end":{"line":72,"column":null}},"30":{"start":{"line":74,"column":2},"end":{"line":74,"column":null}},"31":{"start":{"line":74,"column":47},"end":{"line":74,"column":null}},"32":{"start":{"line":75,"column":2},"end":{"line":75,"column":null}}},"fnMap":{"0":{"name":"plural","decl":{"start":{"line":7,"column":16},"end":{"line":7,"column":23}},"loc":{"start":{"line":7,"column":82},"end":{"line":13,"column":null}},"line":7},"1":{"name":"(anonymous_1)","decl":{"start":{"line":21,"column":6},"end":{"line":21,"column":16}},"loc":{"start":{"line":21,"column":33},"end":{"line":21,"column":null}},"line":21},"2":{"name":"dayMonth","decl":{"start":{"line":24,"column":16},"end":{"line":24,"column":25}},"loc":{"start":{"line":24,"column":46},"end":{"line":26,"column":null}},"line":24},"3":{"name":"parts","decl":{"start":{"line":28,"column":9},"end":{"line":28,"column":15}},"loc":{"start":{"line":28,"column":28},"end":{"line":31,"column":null}},"line":28},"4":{"name":"(anonymous_4)","decl":{"start":{"line":29,"column":65},"end":{"line":29,"column":70}},"loc":{"start":{"line":29,"column":76},"end":{"line":29,"column":93}},"line":29},"5":{"name":"dotDateTime","decl":{"start":{"line":34,"column":16},"end":{"line":34,"column":28}},"loc":{"start":{"line":34,"column":49},"end":{"line":37,"column":null}},"line":34},"6":{"name":"time","decl":{"start":{"line":40,"column":16},"end":{"line":40,"column":21}},"loc":{"start":{"line":40,"column":42},"end":{"line":43,"column":null}},"line":40},"7":{"name":"moscowDay","decl":{"start":{"line":45,"column":9},"end":{"line":45,"column":19}},"loc":{"start":{"line":45,"column":40},"end":{"line":48,"column":null}},"line":45},"8":{"name":"calendarDaysBetween","decl":{"start":{"line":51,"column":16},"end":{"line":51,"column":36}},"loc":{"start":{"line":51,"column":74},"end":{"line":53,"column":null}},"line":51},"9":{"name":"splitAddress","decl":{"start":{"line":56,"column":16},"end":{"line":56,"column":29}},"loc":{"start":{"line":56,"column":82},"end":{"line":59,"column":null}},"line":56},"10":{"name":"(anonymous_10)","decl":{"start":{"line":61,"column":13},"end":{"line":61,"column":27}},"loc":{"start":{"line":61,"column":42},"end":{"line":61,"column":null}},"line":61},"11":{"name":"deadlineLabel","decl":{"start":{"line":69,"column":16},"end":{"line":69,"column":30}},"loc":{"start":{"line":69,"column":94},"end":{"line":76,"column":null}},"line":69}},"branchMap":{"0":{"loc":{"start":{"line":10,"column":2},"end":{"line":10,"column":null}},"type":"if","locations":[{"start":{"line":10,"column":2},"end":{"line":10,"column":null}},{"start":{},"end":{}}],"line":10},"1":{"loc":{"start":{"line":10,"column":6},"end":{"line":10,"column":36}},"type":"binary-expr","locations":[{"start":{"line":10,"column":6},"end":{"line":10,"column":21}},{"start":{"line":10,"column":21},"end":{"line":10,"column":36}}],"line":10},"2":{"loc":{"start":{"line":11,"column":2},"end":{"line":11,"column":null}},"type":"if","locations":[{"start":{"line":11,"column":2},"end":{"line":11,"column":null}},{"start":{},"end":{}}],"line":11},"3":{"loc":{"start":{"line":11,"column":6},"end":{"line":11,"column":64}},"type":"binary-expr","locations":[{"start":{"line":11,"column":6},"end":{"line":11,"column":20}},{"start":{"line":11,"column":20},"end":{"line":11,"column":35}},{"start":{"line":11,"column":35},"end":{"line":11,"column":50}},{"start":{"line":11,"column":50},"end":{"line":11,"column":64}}],"line":11},"4":{"loc":{"start":{"line":21,"column":33},"end":{"line":21,"column":null}},"type":"cond-expr","locations":[{"start":{"line":21,"column":57},"end":{"line":21,"column":71}},{"start":{"line":21,"column":71},"end":{"line":21,"column":null}}],"line":21},"5":{"loc":{"start":{"line":30,"column":16},"end":{"line":30,"column":29}},"type":"binary-expr","locations":[{"start":{"line":30,"column":16},"end":{"line":30,"column":25}},{"start":{"line":30,"column":25},"end":{"line":30,"column":29}}],"line":30},"6":{"loc":{"start":{"line":30,"column":36},"end":{"line":30,"column":51}},"type":"binary-expr","locations":[{"start":{"line":30,"column":36},"end":{"line":30,"column":47}},{"start":{"line":30,"column":47},"end":{"line":30,"column":51}}],"line":30},"7":{"loc":{"start":{"line":30,"column":57},"end":{"line":30,"column":71}},"type":"binary-expr","locations":[{"start":{"line":30,"column":57},"end":{"line":30,"column":67}},{"start":{"line":30,"column":67},"end":{"line":30,"column":71}}],"line":30},"8":{"loc":{"start":{"line":30,"column":77},"end":{"line":30,"column":91}},"type":"binary-expr","locations":[{"start":{"line":30,"column":77},"end":{"line":30,"column":87}},{"start":{"line":30,"column":87},"end":{"line":30,"column":91}}],"line":30},"9":{"loc":{"start":{"line":30,"column":99},"end":{"line":30,"column":114}},"type":"binary-expr","locations":[{"start":{"line":30,"column":99},"end":{"line":30,"column":111}},{"start":{"line":30,"column":111},"end":{"line":30,"column":114}}],"line":30},"10":{"loc":{"start":{"line":58,"column":9},"end":{"line":58,"column":null}},"type":"cond-expr","locations":[{"start":{"line":58,"column":17},"end":{"line":58,"column":51}},{"start":{"line":58,"column":51},"end":{"line":58,"column":null}}],"line":58},"11":{"loc":{"start":{"line":61,"column":42},"end":{"line":61,"column":null}},"type":"cond-expr","locations":[{"start":{"line":61,"column":46},"end":{"line":61,"column":81}},{"start":{"line":61,"column":81},"end":{"line":61,"column":null}}],"line":61},"12":{"loc":{"start":{"line":70,"column":2},"end":{"line":73,"column":null}},"type":"if","locations":[{"start":{"line":70,"column":2},"end":{"line":73,"column":null}},{"start":{},"end":{}}],"line":70},"13":{"loc":{"start":{"line":74,"column":2},"end":{"line":74,"column":null}},"type":"if","locations":[{"start":{"line":74,"column":2},"end":{"line":74,"column":null}},{"start":{},"end":{}}],"line":74}},"s":{"0":2,"1":20,"2":20,"3":20,"4":7,"5":13,"6":4,"7":9,"8":2,"9":2,"10":2,"11":39,"12":3,"13":36,"14":324,"15":36,"16":1,"17":1,"18":1,"19":1,"20":34,"21":34,"22":17,"23":2,"24":2,"25":2,"26":2,"27":4,"28":2,"29":2,"30":2,"31":1,"32":1},"f":{"0":20,"1":39,"2":3,"3":36,"4":324,"5":1,"6":1,"7":34,"8":17,"9":2,"10":2,"11":4},"b":{"0":[7,13],"1":[20,9],"2":[4,9],"3":[13,11,8,5],"4":[26,13],"5":[36,0],"6":[36,0],"7":[36,0],"8":[36,0],"9":[36,0],"10":[1,1],"11":[1,1],"12":[2,2],"13":[1,1]},"meta":{"lastBranch":14,"lastFunction":12,"lastStatement":33,"seen":{"s:4:11:4:Infinity":0,"f:7:16:7:23":0,"s:8:16:8:Infinity":1,"s:9:17:9:Infinity":2,"b:10:2:10:Infinity:undefined:undefined:undefined:undefined":0,"s:10:2:10:Infinity":3,"b:10:6:10:21:10:21:10:36":1,"s:10:36:10:Infinity":4,"b:11:2:11:Infinity:undefined:undefined:undefined:undefined":2,"s:11:2:11:Infinity":5,"b:11:6:11:20:11:20:11:35:11:35:11:50:11:50:11:64":3,"s:11:64:11:Infinity":6,"s:12:2:12:Infinity":7,"s:15:20:15:Infinity":8,"s:16:17:18:Infinity":9,"s:21:6:21:Infinity":10,"f:21:6:21:16":1,"s:21:33:21:Infinity":11,"b:21:57:21:71:21:71:21:Infinity":4,"f:24:16:24:25":2,"s:25:2:25:Infinity":12,"f:28:9:28:15":3,"s:29:12:29:Infinity":13,"f:29:65:29:70":4,"s:29:76:29:93":14,"s:30:2:30:Infinity":15,"b:30:16:30:25:30:25:30:29":5,"b:30:36:30:47:30:47:30:51":6,"b:30:57:30:67:30:67:30:71":7,"b:30:77:30:87:30:87:30:91":8,"b:30:99:30:111:30:111:30:114":9,"f:34:16:34:28":5,"s:35:12:35:Infinity":16,"s:36:2:36:Infinity":17,"f:40:16:40:21":6,"s:41:12:41:Infinity":18,"s:42:2:42:Infinity":19,"f:45:9:45:19":7,"s:46:12:46:Infinity":20,"s:47:2:47:Infinity":21,"f:51:16:51:36":8,"s:52:2:52:Infinity":22,"f:56:16:56:29":9,"s:57:12:57:Infinity":23,"s:58:2:58:Infinity":24,"b:58:17:58:51:58:51:58:Infinity":10,"s:61:13:61:Infinity":25,"f:61:13:61:27":10,"s:61:42:61:Infinity":26,"b:61:46:61:81:61:81:61:Infinity":11,"f:69:16:69:30":11,"b:70:2:73:Infinity:undefined:undefined:undefined:undefined":12,"s:70:2:73:Infinity":27,"s:71:17:71:Infinity":28,"s:72:4:72:Infinity":29,"b:74:2:74:Infinity:undefined:undefined:undefined:undefined":13,"s:74:2:74:Infinity":30,"s:74:47:74:Infinity":31,"s:75:2:75:Infinity":32},"fnNames":{}}}
,"D:\\awesomeProjects\\max-hack\\miniapp\\src\\shared\\lib\\model.ts": {"path":"D:\\awesomeProjects\\max-hack\\miniapp\\src\\shared\\lib\\model.ts","statementMap":{"0":{"start":{"line":15,"column":8},"end":{"line":15,"column":null}},"1":{"start":{"line":15,"column":61},"end":{"line":15,"column":null}},"2":{"start":{"line":16,"column":15},"end":{"line":16,"column":null}},"3":{"start":{"line":17,"column":2},"end":{"line":24,"column":null}},"4":{"start":{"line":18,"column":4},"end":{"line":23,"column":null}},"5":{"start":{"line":19,"column":41},"end":{"line":19,"column":52}},"6":{"start":{"line":21,"column":57},"end":{"line":21,"column":68}},"7":{"start":{"line":25,"column":16},"end":{"line":25,"column":null}},"8":{"start":{"line":26,"column":18},"end":{"line":26,"column":null}},"9":{"start":{"line":27,"column":15},"end":{"line":27,"column":null}},"10":{"start":{"line":28,"column":2},"end":{"line":33,"column":null}},"11":{"start":{"line":29,"column":42},"end":{"line":29,"column":53}},"12":{"start":{"line":31,"column":46},"end":{"line":31,"column":57}},"13":{"start":{"line":43,"column":43},"end":{"line":49,"column":null}},"14":{"start":{"line":53,"column":44},"end":{"line":53,"column":null}},"15":{"start":{"line":54,"column":15},"end":{"line":54,"column":null}},"16":{"start":{"line":55,"column":8},"end":{"line":60,"column":null}},"17":{"start":{"line":56,"column":4},"end":{"line":56,"column":null}},"18":{"start":{"line":56,"column":22},"end":{"line":56,"column":null}},"19":{"start":{"line":57,"column":17},"end":{"line":57,"column":null}},"20":{"start":{"line":58,"column":4},"end":{"line":58,"column":null}},"21":{"start":{"line":59,"column":4},"end":{"line":59,"column":null}},"22":{"start":{"line":61,"column":19},"end":{"line":61,"column":null}},"23":{"start":{"line":62,"column":2},"end":{"line":71,"column":null}},"24":{"start":{"line":63,"column":4},"end":{"line":67,"column":null}},"25":{"start":{"line":64,"column":6},"end":{"line":64,"column":null}},"26":{"start":{"line":65,"column":6},"end":{"line":65,"column":null}},"27":{"start":{"line":66,"column":6},"end":{"line":66,"column":null}},"28":{"start":{"line":68,"column":4},"end":{"line":68,"column":null}},"29":{"start":{"line":69,"column":4},"end":{"line":70,"column":null}},"30":{"start":{"line":69,"column":30},"end":{"line":69,"column":null}},"31":{"start":{"line":70,"column":9},"end":{"line":70,"column":null}},"32":{"start":{"line":72,"column":2},"end":{"line":72,"column":null}},"33":{"start":{"line":73,"column":2},"end":{"line":73,"column":null}},"34":{"start":{"line":73,"column":31},"end":{"line":73,"column":71}},"35":{"start":{"line":76,"column":46},"end":{"line":82,"column":null}},"36":{"start":{"line":85,"column":13},"end":{"line":85,"column":null}},"37":{"start":{"line":85,"column":53},"end":{"line":85,"column":null}},"38":{"start":{"line":95,"column":8},"end":{"line":95,"column":null}},"39":{"start":{"line":95,"column":27},"end":{"line":95,"column":null}},"40":{"start":{"line":96,"column":17},"end":{"line":102,"column":null}},"41":{"start":{"line":97,"column":66},"end":{"line":97,"column":89}},"42":{"start":{"line":98,"column":65},"end":{"line":98,"column":134}},"43":{"start":{"line":103,"column":16},"end":{"line":103,"column":null}},"44":{"start":{"line":104,"column":2},"end":{"line":107,"column":null}},"45":{"start":{"line":105,"column":4},"end":{"line":105,"column":null}},"46":{"start":{"line":105,"column":35},"end":{"line":105,"column":null}},"47":{"start":{"line":106,"column":4},"end":{"line":106,"column":null}},"48":{"start":{"line":108,"column":2},"end":{"line":108,"column":null}},"49":{"start":{"line":108,"column":30},"end":{"line":108,"column":48}},"50":{"start":{"line":113,"column":12},"end":{"line":113,"column":null}},"51":{"start":{"line":114,"column":16},"end":{"line":114,"column":null}},"52":{"start":{"line":115,"column":2},"end":{"line":115,"column":null}},"53":{"start":{"line":125,"column":14},"end":{"line":125,"column":null}},"54":{"start":{"line":126,"column":2},"end":{"line":132,"column":null}},"55":{"start":{"line":127,"column":4},"end":{"line":131,"column":null}},"56":{"start":{"line":128,"column":6},"end":{"line":128,"column":null}},"57":{"start":{"line":130,"column":6},"end":{"line":130,"column":null}},"58":{"start":{"line":133,"column":25},"end":{"line":133,"column":null}},"59":{"start":{"line":134,"column":2},"end":{"line":134,"column":null}},"60":{"start":{"line":134,"column":13},"end":{"line":134,"column":null}},"61":{"start":{"line":135,"column":2},"end":{"line":142,"column":null}},"62":{"start":{"line":137,"column":6},"end":{"line":137,"column":null}},"63":{"start":{"line":139,"column":6},"end":{"line":139,"column":null}},"64":{"start":{"line":141,"column":6},"end":{"line":141,"column":null}},"65":{"start":{"line":143,"column":2},"end":{"line":143,"column":null}}},"fnMap":{"0":{"name":"buildRail","decl":{"start":{"line":14,"column":16},"end":{"line":14,"column":26}},"loc":{"start":{"line":14,"column":95},"end":{"line":34,"column":null}},"line":14},"1":{"name":"(anonymous_1)","decl":{"start":{"line":15,"column":8},"end":{"line":15,"column":15}},"loc":{"start":{"line":15,"column":61},"end":{"line":15,"column":null}},"line":15},"2":{"name":"(anonymous_2)","decl":{"start":{"line":19,"column":32},"end":{"line":19,"column":41}},"loc":{"start":{"line":19,"column":41},"end":{"line":19,"column":52}},"line":19},"3":{"name":"(anonymous_3)","decl":{"start":{"line":21,"column":48},"end":{"line":21,"column":57}},"loc":{"start":{"line":21,"column":57},"end":{"line":21,"column":68}},"line":21},"4":{"name":"(anonymous_4)","decl":{"start":{"line":29,"column":33},"end":{"line":29,"column":42}},"loc":{"start":{"line":29,"column":42},"end":{"line":29,"column":53}},"line":29},"5":{"name":"(anonymous_5)","decl":{"start":{"line":31,"column":37},"end":{"line":31,"column":46}},"loc":{"start":{"line":31,"column":46},"end":{"line":31,"column":57}},"line":31},"6":{"name":"buildTimeline","decl":{"start":{"line":52,"column":16},"end":{"line":52,"column":30}},"loc":{"start":{"line":52,"column":68},"end":{"line":74,"column":null}},"line":52},"7":{"name":"(anonymous_7)","decl":{"start":{"line":55,"column":8},"end":{"line":55,"column":23}},"loc":{"start":{"line":55,"column":38},"end":{"line":60,"column":null}},"line":55},"8":{"name":"(anonymous_8)","decl":{"start":{"line":73,"column":13},"end":{"line":73,"column":18}},"loc":{"start":{"line":73,"column":31},"end":{"line":73,"column":71}},"line":73},"9":{"name":"(anonymous_9)","decl":{"start":{"line":85,"column":13},"end":{"line":85,"column":29}},"loc":{"start":{"line":85,"column":53},"end":{"line":85,"column":null}},"line":85},"10":{"name":"groupQueue","decl":{"start":{"line":94,"column":16},"end":{"line":94,"column":48}},"loc":{"start":{"line":94,"column":120},"end":{"line":109,"column":null}},"line":94},"11":{"name":"(anonymous_11)","decl":{"start":{"line":95,"column":8},"end":{"line":95,"column":18}},"loc":{"start":{"line":95,"column":27},"end":{"line":95,"column":null}},"line":95},"12":{"name":"(anonymous_12)","decl":{"start":{"line":97,"column":52},"end":{"line":97,"column":60}},"loc":{"start":{"line":97,"column":66},"end":{"line":97,"column":89}},"line":97},"13":{"name":"(anonymous_13)","decl":{"start":{"line":98,"column":51},"end":{"line":98,"column":59}},"loc":{"start":{"line":98,"column":65},"end":{"line":98,"column":134}},"line":98},"14":{"name":"(anonymous_14)","decl":{"start":{"line":108,"column":16},"end":{"line":108,"column":24}},"loc":{"start":{"line":108,"column":30},"end":{"line":108,"column":48}},"line":108},"15":{"name":"shareText","decl":{"start":{"line":112,"column":16},"end":{"line":112,"column":26}},"loc":{"start":{"line":112,"column":134},"end":{"line":116,"column":null}},"line":112},"16":{"name":"parseStartParam","decl":{"start":{"line":124,"column":16},"end":{"line":124,"column":32}},"loc":{"start":{"line":124,"column":65},"end":{"line":144,"column":null}},"line":124}},"branchMap":{"0":{"loc":{"start":{"line":17,"column":2},"end":{"line":24,"column":null}},"type":"if","locations":[{"start":{"line":17,"column":2},"end":{"line":24,"column":null}},{"start":{},"end":{}}],"line":17},"1":{"loc":{"start":{"line":56,"column":4},"end":{"line":56,"column":null}},"type":"if","locations":[{"start":{"line":56,"column":4},"end":{"line":56,"column":null}},{"start":{},"end":{}}],"line":56},"2":{"loc":{"start":{"line":57,"column":17},"end":{"line":57,"column":null}},"type":"cond-expr","locations":[{"start":{"line":57,"column":32},"end":{"line":57,"column":50}},{"start":{"line":57,"column":50},"end":{"line":57,"column":null}}],"line":57},"3":{"loc":{"start":{"line":63,"column":4},"end":{"line":67,"column":null}},"type":"if","locations":[{"start":{"line":63,"column":4},"end":{"line":67,"column":null}},{"start":{},"end":{}}],"line":63},"4":{"loc":{"start":{"line":69,"column":4},"end":{"line":70,"column":null}},"type":"if","locations":[{"start":{"line":69,"column":4},"end":{"line":70,"column":null}},{"start":{"line":70,"column":9},"end":{"line":70,"column":null}}],"line":69},"5":{"loc":{"start":{"line":70,"column":62},"end":{"line":70,"column":103}},"type":"cond-expr","locations":[{"start":{"line":70,"column":74},"end":{"line":70,"column":99}},{"start":{"line":70,"column":99},"end":{"line":70,"column":103}}],"line":70},"6":{"loc":{"start":{"line":95,"column":27},"end":{"line":95,"column":null}},"type":"binary-expr","locations":[{"start":{"line":95,"column":27},"end":{"line":95,"column":50}},{"start":{"line":95,"column":50},"end":{"line":95,"column":null}}],"line":95},"7":{"loc":{"start":{"line":97,"column":66},"end":{"line":97,"column":89}},"type":"binary-expr","locations":[{"start":{"line":97,"column":66},"end":{"line":97,"column":80}},{"start":{"line":97,"column":80},"end":{"line":97,"column":89}}],"line":97},"8":{"loc":{"start":{"line":98,"column":65},"end":{"line":98,"column":134}},"type":"binary-expr","locations":[{"start":{"line":98,"column":65},"end":{"line":98,"column":79}},{"start":{"line":98,"column":79},"end":{"line":98,"column":93}},{"start":{"line":98,"column":93},"end":{"line":98,"column":134}}],"line":98},"9":{"loc":{"start":{"line":105,"column":4},"end":{"line":105,"column":null}},"type":"if","locations":[{"start":{"line":105,"column":4},"end":{"line":105,"column":null}},{"start":{},"end":{}}],"line":105},"10":{"loc":{"start":{"line":105,"column":8},"end":{"line":105,"column":35}},"type":"binary-expr","locations":[{"start":{"line":105,"column":8},"end":{"line":105,"column":21}},{"start":{"line":105,"column":21},"end":{"line":105,"column":35}}],"line":105},"11":{"loc":{"start":{"line":106,"column":5},"end":{"line":106,"column":50}},"type":"cond-expr","locations":[{"start":{"line":106,"column":27},"end":{"line":106,"column":40}},{"start":{"line":106,"column":40},"end":{"line":106,"column":50}}],"line":106},"12":{"loc":{"start":{"line":126,"column":2},"end":{"line":132,"column":null}},"type":"if","locations":[{"start":{"line":126,"column":2},"end":{"line":132,"column":null}},{"start":{},"end":{}}],"line":126},"13":{"loc":{"start":{"line":128,"column":14},"end":{"line":128,"column":null}},"type":"binary-expr","locations":[{"start":{"line":128,"column":14},"end":{"line":128,"column":61}},{"start":{"line":128,"column":61},"end":{"line":128,"column":null}}],"line":128},"14":{"loc":{"start":{"line":134,"column":2},"end":{"line":134,"column":null}},"type":"if","locations":[{"start":{"line":134,"column":2},"end":{"line":134,"column":null}},{"start":{},"end":{}}],"line":134},"15":{"loc":{"start":{"line":135,"column":2},"end":{"line":142,"column":null}},"type":"switch","locations":[{"start":{"line":136,"column":4},"end":{"line":137,"column":null}},{"start":{"line":138,"column":4},"end":{"line":139,"column":null}},{"start":{"line":140,"column":4},"end":{"line":141,"column":null}}],"line":135}},"s":{"0":3,"1":18,"2":3,"3":3,"4":1,"5":4,"6":2,"7":2,"8":2,"9":2,"10":2,"11":3,"12":9,"13":1,"14":1,"15":1,"16":1,"17":3,"18":1,"19":2,"20":3,"21":3,"22":1,"23":1,"24":5,"25":3,"26":3,"27":3,"28":2,"29":2,"30":1,"31":1,"32":1,"33":1,"34":4,"35":1,"36":1,"37":4,"38":1,"39":20,"40":1,"41":5,"42":5,"43":1,"44":1,"45":5,"46":3,"47":2,"48":1,"49":5,"50":2,"51":2,"52":2,"53":6,"54":6,"55":1,"56":1,"57":0,"58":6,"59":6,"60":1,"61":5,"62":1,"63":2,"64":1,"65":1},"f":{"0":3,"1":18,"2":4,"3":2,"4":3,"5":9,"6":1,"7":3,"8":4,"9":4,"10":1,"11":20,"12":5,"13":5,"14":5,"15":2,"16":6},"b":{"0":[1,2],"1":[1,2],"2":[1,1],"3":[3,2],"4":[1,1],"5":[1,0],"6":[20,16],"7":[5,4],"8":[5,4,3],"9":[3,2],"10":[5,4],"11":[1,1],"12":[1,5],"13":[1,0],"14":[1,5],"15":[1,2,1]},"meta":{"lastBranch":16,"lastFunction":17,"lastStatement":66,"seen":{"f:14:16:14:26":0,"s:15:8:15:Infinity":0,"f:15:8:15:15":1,"s:15:61:15:Infinity":1,"s:16:15:16:Infinity":2,"b:17:2:24:Infinity:undefined:undefined:undefined:undefined":0,"s:17:2:24:Infinity":3,"s:18:4:23:Infinity":4,"f:19:32:19:41":2,"s:19:41:19:52":5,"f:21:48:21:57":3,"s:21:57:21:68":6,"s:25:16:25:Infinity":7,"s:26:18:26:Infinity":8,"s:27:15:27:Infinity":9,"s:28:2:33:Infinity":10,"f:29:33:29:42":4,"s:29:42:29:53":11,"f:31:37:31:46":5,"s:31:46:31:57":12,"s:43:43:49:Infinity":13,"f:52:16:52:30":6,"s:53:44:53:Infinity":14,"s:54:15:54:Infinity":15,"s:55:8:60:Infinity":16,"f:55:8:55:23":7,"b:56:4:56:Infinity:undefined:undefined:undefined:undefined":1,"s:56:4:56:Infinity":17,"s:56:22:56:Infinity":18,"s:57:17:57:Infinity":19,"b:57:32:57:50:57:50:57:Infinity":2,"s:58:4:58:Infinity":20,"s:59:4:59:Infinity":21,"s:61:19:61:Infinity":22,"s:62:2:71:Infinity":23,"b:63:4:67:Infinity:undefined:undefined:undefined:undefined":3,"s:63:4:67:Infinity":24,"s:64:6:64:Infinity":25,"s:65:6:65:Infinity":26,"s:66:6:66:Infinity":27,"s:68:4:68:Infinity":28,"b:69:4:70:Infinity:70:9:70:Infinity":4,"s:69:4:70:Infinity":29,"s:69:30:69:Infinity":30,"s:70:9:70:Infinity":31,"b:70:74:70:99:70:99:70:103":5,"s:72:2:72:Infinity":32,"s:73:2:73:Infinity":33,"f:73:13:73:18":8,"s:73:31:73:71":34,"s:76:46:82:Infinity":35,"s:85:13:85:Infinity":36,"f:85:13:85:29":9,"s:85:53:85:Infinity":37,"f:94:16:94:48":10,"s:95:8:95:Infinity":38,"f:95:8:95:18":11,"s:95:27:95:Infinity":39,"b:95:27:95:50:95:50:95:Infinity":6,"s:96:17:102:Infinity":40,"f:97:52:97:60":12,"s:97:66:97:89":41,"b:97:66:97:80:97:80:97:89":7,"f:98:51:98:59":13,"s:98:65:98:134":42,"b:98:65:98:79:98:79:98:93:98:93:98:134":8,"s:103:16:103:Infinity":43,"s:104:2:107:Infinity":44,"b:105:4:105:Infinity:undefined:undefined:undefined:undefined":9,"s:105:4:105:Infinity":45,"b:105:8:105:21:105:21:105:35":10,"s:105:35:105:Infinity":46,"s:106:4:106:Infinity":47,"b:106:27:106:40:106:40:106:50":11,"s:108:2:108:Infinity":48,"f:108:16:108:24":14,"s:108:30:108:48":49,"f:112:16:112:26":15,"s:113:12:113:Infinity":50,"s:114:16:114:Infinity":51,"s:115:2:115:Infinity":52,"f:124:16:124:32":16,"s:125:14:125:Infinity":53,"b:126:2:132:Infinity:undefined:undefined:undefined:undefined":12,"s:126:2:132:Infinity":54,"s:127:4:131:Infinity":55,"s:128:6:128:Infinity":56,"b:128:14:128:61:128:61:128:Infinity":13,"s:130:6:130:Infinity":57,"s:133:25:133:Infinity":58,"b:134:2:134:Infinity:undefined:undefined:undefined:undefined":14,"s:134:2:134:Infinity":59,"s:134:13:134:Infinity":60,"b:136:4:137:Infinity:138:4:139:Infinity:140:4:141:Infinity":15,"s:135:2:142:Infinity":61,"s:137:6:137:Infinity":62,"s:139:6:139:Infinity":63,"s:141:6:141:Infinity":64,"s:143:2:143:Infinity":65},"fnNames":{}}}
}
